<?xml version="1.0" encoding="UTF-8"?>
<!-- Generated by org.testng.reporters.JUnitXMLReporter -->
<testsuite ignored="1" hostname="Avinashs-Air.bbrouter" failures="0" tests="1" name="Default test" time="12.79" errors="0" timestamp="2023-12-12T10:35:21 IST">
  <testcase classname="com.orangeHRM.tests.LoginPageTest" name="login" time="7.303"/>
  <testcase classname="com.orangeHRM.tests.LoginPageTest" name="logoDisplay" time="0.0">
    <ignored/>
  </testcase> <!-- logoDisplay -->
</testsuite> <!-- Default test -->
