<?xml version="1.0" encoding="UTF-8"?>
<testng-results ignored="1" total="2" passed="1" failed="0" skipped="0">
  <reporter-output>
  </reporter-output>
  <suite started-at="2023-12-12T10:35:08 IST" name="Default suite" finished-at="2023-12-12T10:35:21 IST" duration-ms="12790">
    <groups>
    </groups>
    <test started-at="2023-12-12T10:35:08 IST" name="Default test" finished-at="2023-12-12T10:35:21 IST" duration-ms="12790">
      <class name="com.orangeHRM.tests.LoginPageTest">
        <test-method is-config="true" signature="browserLanunch()[pri:0, instance:com.orangeHRM.tests.LoginPageTest@54bff557]" started-at="2023-12-12T10:35:08 IST" name="browserLanunch" finished-at="2023-12-12T10:35:14 IST" duration-ms="5350" status="PASS">
          <reporter-output>
          </reporter-output>
        </test-method> <!-- browserLanunch -->
        <test-method signature="login()[pri:0, instance:com.orangeHRM.tests.LoginPageTest@54bff557]" started-at="2023-12-12T10:35:14 IST" name="login" finished-at="2023-12-12T10:35:21 IST" duration-ms="7303" status="PASS">
          <reporter-output>
          </reporter-output>
        </test-method> <!-- login -->
        <test-method is-config="true" signature="tearDown()[pri:0, instance:com.orangeHRM.tests.LoginPageTest@54bff557]" started-at="2023-12-12T10:35:21 IST" name="tearDown" finished-at="2023-12-12T10:35:21 IST" duration-ms="125" status="PASS">
          <reporter-output>
          </reporter-output>
        </test-method> <!-- tearDown -->
      </class> <!-- com.orangeHRM.tests.LoginPageTest -->
    </test> <!-- Default test -->
  </suite> <!-- Default suite -->
</testng-results>
